<?xml version="1.0" encoding="UTF-8"?>
<testsuite name="model.PointTest" tests="1" skipped="0" failures="0" errors="0" timestamp="2017-11-20T09:56:43" hostname="ravage.local" time="0.001">
  <properties/>
  <testcase name="testPointConstructor" classname="model.PointTest" time="0.001"/>
  <system-out><![CDATA[]]></system-out>
  <system-err><![CDATA[]]></system-err>
</testsuite>
