<?xml version="1.0" encoding="UTF-8"?>
<testsuite name="util.TestUtilXML" tests="2" skipped="0" failures="0" errors="0" timestamp="2017-11-20T09:56:43" hostname="ravage.local" time="0.029">
  <properties/>
  <testcase name="testPointLoaded" classname="util.TestUtilXML" time="0.027"/>
  <testcase name="testCanLoadPoint" classname="util.TestUtilXML" time="0.002"/>
  <system-out><![CDATA[]]></system-out>
  <system-err><![CDATA[]]></system-err>
</testsuite>
